<?xml version="1.0" encoding="UTF-8"?>
<testsuite name="com.socotech.wf4j.AbstractSimpleFormActionTest" tests="3" skipped="0" failures="0" errors="0" timestamp="2017-02-11T20:13:58" hostname="Marcs-MBP.home" time="0.346">
  <properties/>
  <testcase name="testPostWithValidation" classname="com.socotech.wf4j.AbstractSimpleFormActionTest" time="0.156"/>
  <testcase name="testPost" classname="com.socotech.wf4j.AbstractSimpleFormActionTest" time="0.174"/>
  <testcase name="testNullValues" classname="com.socotech.wf4j.AbstractSimpleFormActionTest" time="0.008"/>
  <system-out><![CDATA[]]></system-out>
  <system-err><![CDATA[log4j:WARN No appenders could be found for logger (org.apache.commons.beanutils.converters.BooleanConverter).
log4j:WARN Please initialize the log4j system properly.
log4j:WARN See http://logging.apache.org/log4j/1.2/faq.html#noconfig for more info.
]]></system-err>
</testsuite>
